
  .   ____          _            __ _ _
 /\\ / ___'_ __ _ _(_)_ __  __ _ \ \ \ \
( ( )\___ | '_ | '_| | '_ \/ _` | \ \ \ \
 \\/  ___)| |_)| | | | | || (_| |  ) ) ) )
  '  |____| .__|_| |_|_| |_\__, | / / / /
 =========|_|==============|___/=/_/_/_/

 :: Spring Boot ::                (v3.3.2)

2026-03-11T18:06:39.521+08:00  INFO 26152 --- [ai-agent-platform] [           main] com.janyee.agent.app.AgentApplication    : Starting AgentApplication v0.0.1-SNAPSHOT using Java 22 with PID 26152 (E:\WorkSpace\CMDI\javaClaw\agent-app\build\libs\agent-app.jar started by kmlix in E:\WorkSpace\CMDI\javaClaw)
2026-03-11T18:06:39.524+08:00  INFO 26152 --- [ai-agent-platform] [           main] com.janyee.agent.app.AgentApplication    : No active profile set, falling back to 1 default profile: "default"
2026-03-11T18:06:40.477+08:00  INFO 26152 --- [ai-agent-platform] [           main] .s.d.r.c.RepositoryConfigurationDelegate : Multiple Spring Data modules found, entering strict repository configuration mode
2026-03-11T18:06:40.478+08:00  INFO 26152 --- [ai-agent-platform] [           main] .s.d.r.c.RepositoryConfigurationDelegate : Bootstrapping Spring Data JPA repositories in DEFAULT mode.
2026-03-11T18:06:40.592+08:00  INFO 26152 --- [ai-agent-platform] [           main] .s.d.r.c.RepositoryConfigurationDelegate : Finished Spring Data repository scanning in 108 ms. Found 2 JPA repository interfaces.
2026-03-11T18:06:40.790+08:00  INFO 26152 --- [ai-agent-platform] [           main] .s.d.r.c.RepositoryConfigurationDelegate : Multiple Spring Data modules found, entering strict repository configuration mode
2026-03-11T18:06:40.794+08:00  INFO 26152 --- [ai-agent-platform] [           main] .s.d.r.c.RepositoryConfigurationDelegate : Bootstrapping Spring Data Redis repositories in DEFAULT mode.
2026-03-11T18:06:40.813+08:00  INFO 26152 --- [ai-agent-platform] [           main] .s.d.r.c.RepositoryConfigurationDelegate : Finished Spring Data repository scanning in 9 ms. Found 0 Redis repository interfaces.
2026-03-11T18:06:41.897+08:00  INFO 26152 --- [ai-agent-platform] [           main] com.zaxxer.hikari.HikariDataSource       : HikariPool-1 - Starting...
2026-03-11T18:06:42.209+08:00  INFO 26152 --- [ai-agent-platform] [           main] com.zaxxer.hikari.pool.HikariPool        : HikariPool-1 - Added connection conn0: url=jdbc:h2:mem:agent_platform user=SA
2026-03-11T18:06:42.213+08:00  INFO 26152 --- [ai-agent-platform] [           main] com.zaxxer.hikari.HikariDataSource       : HikariPool-1 - Start completed.
2026-03-11T18:06:42.305+08:00  INFO 26152 --- [ai-agent-platform] [           main] org.flywaydb.core.FlywayExecutor         : Database: jdbc:h2:mem:agent_platform (H2 2.2)
2026-03-11T18:06:42.327+08:00  WARN 26152 --- [ai-agent-platform] [           main] o.f.c.internal.database.base.Database    : Flyway upgrade recommended: H2 2.2.224 is newer than this version of Flyway and support has not been tested. The latest supported version of H2 is 2.2.220.
2026-03-11T18:06:42.368+08:00  INFO 26152 --- [ai-agent-platform] [           main] o.f.c.i.s.JdbcTableSchemaHistory         : Schema history table "public"."flyway_schema_history" does not exist yet
2026-03-11T18:06:42.372+08:00  INFO 26152 --- [ai-agent-platform] [           main] o.f.core.internal.command.DbValidate     : Successfully validated 1 migration (execution time 00:00.023s)
2026-03-11T18:06:42.385+08:00  INFO 26152 --- [ai-agent-platform] [           main] o.f.c.i.s.JdbcTableSchemaHistory         : Creating Schema History table "public"."flyway_schema_history" ...
2026-03-11T18:06:42.442+08:00  INFO 26152 --- [ai-agent-platform] [           main] o.f.core.internal.command.DbMigrate      : Current version of schema "public": << Empty Schema >>
2026-03-11T18:06:42.458+08:00  INFO 26152 --- [ai-agent-platform] [           main] o.f.core.internal.command.DbMigrate      : Migrating schema "public" to version "1 - init session tables"
2026-03-11T18:06:42.487+08:00  INFO 26152 --- [ai-agent-platform] [           main] o.f.core.internal.command.DbMigrate      : Successfully applied 1 migration to schema "public", now at version v1 (execution time 00:00.018s)
2026-03-11T18:06:42.625+08:00  INFO 26152 --- [ai-agent-platform] [           main] o.hibernate.jpa.internal.util.LogHelper  : HHH000204: Processing PersistenceUnitInfo [name: default]
2026-03-11T18:06:42.854+08:00  INFO 26152 --- [ai-agent-platform] [           main] org.hibernate.Version                    : HHH000412: Hibernate ORM core version 6.5.2.Final
2026-03-11T18:06:42.899+08:00  INFO 26152 --- [ai-agent-platform] [           main] o.h.c.internal.RegionFactoryInitiator    : HHH000026: Second-level cache disabled
2026-03-11T18:06:43.258+08:00  INFO 26152 --- [ai-agent-platform] [           main] o.s.o.j.p.SpringPersistenceUnitInfo      : No LoadTimeWeaver setup: ignoring JPA class transformer
2026-03-11T18:06:44.172+08:00  INFO 26152 --- [ai-agent-platform] [           main] o.h.e.t.j.p.i.JtaPlatformInitiator       : HHH000489: No JTA platform available (set 'hibernate.transaction.jta.platform' to enable JTA platform integration)
2026-03-11T18:06:44.198+08:00  INFO 26152 --- [ai-agent-platform] [           main] j.LocalContainerEntityManagerFactoryBean : Initialized JPA EntityManagerFactory for persistence unit 'default'
2026-03-11T18:06:44.799+08:00  INFO 26152 --- [ai-agent-platform] [           main] o.s.d.j.r.query.QueryEnhancerFactory     : Hibernate is in classpath; If applicable, HQL parser will be used.
2026-03-11T18:06:47.341+08:00  INFO 26152 --- [ai-agent-platform] [           main] o.s.b.web.embedded.netty.NettyWebServer  : Netty started on port 8080 (http)
2026-03-11T18:06:47.376+08:00  INFO 26152 --- [ai-agent-platform] [           main] com.janyee.agent.app.AgentApplication    : Started AgentApplication in 8.457 seconds (process running for 9.31)
